<?xml version="1.0" encoding="UTF-8"?>
<testng-results ignored="0" total="1" passed="1" failed="0" skipped="0">
  <reporter-output>
  </reporter-output>
  <suite started-at="2023-09-03T15:18:13 IST" name="Default suite" finished-at="2023-09-03T15:18:19 IST" duration-ms="5886">
    <groups>
    </groups>
    <test started-at="2023-09-03T15:18:13 IST" name="Default test" finished-at="2023-09-03T15:18:19 IST" duration-ms="5886">
      <class name="in.amazon.NavigatingWebsiteTest">
        <test-method signature="navigationTest()[pri:0, instance:in.amazon.NavigatingWebsiteTest@294425a7]" started-at="2023-09-03T15:18:13 IST" name="navigationTest" finished-at="2023-09-03T15:18:18 IST" duration-ms="5818" status="PASS">
          <reporter-output>
          </reporter-output>
        </test-method> <!-- navigationTest -->
      </class> <!-- in.amazon.NavigatingWebsiteTest -->
    </test> <!-- Default test -->
  </suite> <!-- Default suite -->
</testng-results>
